build/outputs/logs/manifest-merger-release-report.txt
-- Merging decision tree log ---
manifest
ADDED from androidstudio/BagGugu4Android/AndroidManifest.xml:1:1-1326:12
	package
		ADDED from androidstudio/BagGugu4Android/AndroidManifest.xml:2:5-33
		INJECTED from androidstudio/BagGugu4Android/AndroidManifest.xml
		INJECTED from androidstudio/BagGugu4Android/AndroidManifest.xml
	android:versionName
		ADDED from androidstudio/BagGugu4Android/AndroidManifest.xml:4:5-32
	android:versionCode
		ADDED from androidstudio/BagGugu4Android/AndroidManifest.xml:3:5-30
		INJECTED from androidstudio/BagGugu4Android/AndroidManifest.xml
		INJECTED from androidstudio/BagGugu4Android/AndroidManifest.xml
	xmlns:android
		ADDED from androidstudio/BagGugu4Android/AndroidManifest.xml:1:11-69
uses-sdk
ADDED from androidstudio/BagGugu4Android/AndroidManifest.xml:6:5-8:41
MERGED from [com.android.support:appcompat-v7:23.0.1] AndroidManifest.xml:20:5-43
MERGED from [com.android.support:support-v4:23.0.1] AndroidManifest.xml:20:5-43
	android:targetSdkVersion
		ADDED from androidstudio/BagGugu4Android/AndroidManifest.xml:8:9-38
		INJECTED from androidstudio/BagGugu4Android/AndroidManifest.xml
		INJECTED from androidstudio/BagGugu4Android/AndroidManifest.xml
	android:minSdkVersion
		ADDED from androidstudio/BagGugu4Android/AndroidManifest.xml:7:9-35
		INJECTED from androidstudio/BagGugu4Android/AndroidManifest.xml
		INJECTED from androidstudio/BagGugu4Android/AndroidManifest.xml
uses-permission#android.permission.READ_CONTACTS
ADDED from androidstudio/BagGugu4Android/AndroidManifest.xml:10:5-72
	android:name
		ADDED from androidstudio/BagGugu4Android/AndroidManifest.xml:10:22-69
uses-permission#android.permission.ACCESS_COARSE_LOCATION
ADDED from androidstudio/BagGugu4Android/AndroidManifest.xml:11:5-81
	android:name
		ADDED from androidstudio/BagGugu4Android/AndroidManifest.xml:11:22-78
uses-permission#android.permission.ACCESS_FINE_LOCATION
ADDED from androidstudio/BagGugu4Android/AndroidManifest.xml:12:5-79
	android:name
		ADDED from androidstudio/BagGugu4Android/AndroidManifest.xml:12:22-76
uses-permission#android.permission.ACCESS_WIFI_STATE
ADDED from androidstudio/BagGugu4Android/AndroidManifest.xml:13:5-76
	android:name
		ADDED from androidstudio/BagGugu4Android/AndroidManifest.xml:13:22-73
uses-permission#android.permission.ACCESS_NETWORK_STATE
ADDED from androidstudio/BagGugu4Android/AndroidManifest.xml:14:5-79
	android:name
		ADDED from androidstudio/BagGugu4Android/AndroidManifest.xml:14:22-76
uses-permission#android.permission.CHANGE_WIFI_STATE
ADDED from androidstudio/BagGugu4Android/AndroidManifest.xml:15:5-76
	android:name
		ADDED from androidstudio/BagGugu4Android/AndroidManifest.xml:15:22-73
uses-permission#android.permission.READ_PHONE_STATE
ADDED from androidstudio/BagGugu4Android/AndroidManifest.xml:16:5-75
	android:name
		ADDED from androidstudio/BagGugu4Android/AndroidManifest.xml:16:22-72
uses-permission#android.permission.WRITE_EXTERNAL_STORAGE
ADDED from androidstudio/BagGugu4Android/AndroidManifest.xml:17:5-81
	android:name
		ADDED from androidstudio/BagGugu4Android/AndroidManifest.xml:17:22-78
uses-permission#android.permission.INTERNET
ADDED from androidstudio/BagGugu4Android/AndroidManifest.xml:18:5-67
	android:name
		ADDED from androidstudio/BagGugu4Android/AndroidManifest.xml:18:22-64
uses-permission#android.permission.MOUNT_UNMOUNT_FILESYSTEMS
ADDED from androidstudio/BagGugu4Android/AndroidManifest.xml:19:5-84
	android:name
		ADDED from androidstudio/BagGugu4Android/AndroidManifest.xml:19:22-81
uses-permission#android.permission.READ_LOGS
ADDED from androidstudio/BagGugu4Android/AndroidManifest.xml:20:5-68
	android:name
		ADDED from androidstudio/BagGugu4Android/AndroidManifest.xml:20:22-65
uses-permission#android.permission.SEND_SMS
ADDED from androidstudio/BagGugu4Android/AndroidManifest.xml:21:5-67
	android:name
		ADDED from androidstudio/BagGugu4Android/AndroidManifest.xml:21:22-64
uses-permission#android.permission.WAKE_LOCK
ADDED from androidstudio/BagGugu4Android/AndroidManifest.xml:22:5-68
	android:name
		ADDED from androidstudio/BagGugu4Android/AndroidManifest.xml:22:22-65
uses-permission#android.permission.VIBRATE
ADDED from androidstudio/BagGugu4Android/AndroidManifest.xml:23:5-66
	android:name
		ADDED from androidstudio/BagGugu4Android/AndroidManifest.xml:23:22-63
uses-permission#android.permission.WRITE_SETTINGS
ADDED from androidstudio/BagGugu4Android/AndroidManifest.xml:24:5-73
	android:name
		ADDED from androidstudio/BagGugu4Android/AndroidManifest.xml:24:22-70
uses-permission#android.permission.GET_TASKS
ADDED from androidstudio/BagGugu4Android/AndroidManifest.xml:25:5-68
	android:name
		ADDED from androidstudio/BagGugu4Android/AndroidManifest.xml:25:22-65
uses-permission#android.permission.RECEIVE_BOOT_COMPLETED
ADDED from androidstudio/BagGugu4Android/AndroidManifest.xml:26:5-81
	android:name
		ADDED from androidstudio/BagGugu4Android/AndroidManifest.xml:26:22-78
uses-permission#android.permission.CALL_PHONE
ADDED from androidstudio/BagGugu4Android/AndroidManifest.xml:27:5-69
	android:name
		ADDED from androidstudio/BagGugu4Android/AndroidManifest.xml:27:22-66
uses-permission#com.android.launcher.permission.INSTALL_SHORTCUT
ADDED from androidstudio/BagGugu4Android/AndroidManifest.xml:28:5-88
	android:name
		ADDED from androidstudio/BagGugu4Android/AndroidManifest.xml:28:22-85
uses-permission#com.android.launcher.permission.UNINSTALL_SHORTCUT
ADDED from androidstudio/BagGugu4Android/AndroidManifest.xml:29:5-90
	android:name
		ADDED from androidstudio/BagGugu4Android/AndroidManifest.xml:29:22-87
uses-permission#android.permission.RECORD_AUDIO
ADDED from androidstudio/BagGugu4Android/AndroidManifest.xml:30:5-71
	android:name
		ADDED from androidstudio/BagGugu4Android/AndroidManifest.xml:30:22-68
application
ADDED from androidstudio/BagGugu4Android/AndroidManifest.xml:32:5-1324:19
MERGED from [com.android.support:appcompat-v7:23.0.1] AndroidManifest.xml:22:5-20
MERGED from [com.android.support:support-v4:23.0.1] AndroidManifest.xml:22:5-20
	android:label
		ADDED from androidstudio/BagGugu4Android/AndroidManifest.xml:37:9-41
	android:hardwareAccelerated
		ADDED from androidstudio/BagGugu4Android/AndroidManifest.xml:35:9-44
	android:allowBackup
		ADDED from androidstudio/BagGugu4Android/AndroidManifest.xml:34:9-35
	android:icon
		ADDED from androidstudio/BagGugu4Android/AndroidManifest.xml:36:9-45
	android:theme
		ADDED from androidstudio/BagGugu4Android/AndroidManifest.xml:38:9-62
	android:name
		ADDED from androidstudio/BagGugu4Android/AndroidManifest.xml:33:9-48
meta-data#LOGGING
ADDED from androidstudio/BagGugu4Android/AndroidManifest.xml:39:9-41:36
	android:value
		ADDED from androidstudio/BagGugu4Android/AndroidManifest.xml:41:13-33
	android:name
		ADDED from androidstudio/BagGugu4Android/AndroidManifest.xml:40:13-35
meta-data#ALPHA
ADDED from androidstudio/BagGugu4Android/AndroidManifest.xml:42:9-44:37
	android:value
		ADDED from androidstudio/BagGugu4Android/AndroidManifest.xml:44:13-34
	android:name
		ADDED from androidstudio/BagGugu4Android/AndroidManifest.xml:43:13-33
activity#com.gugu.activity.SplashActivity
ADDED from androidstudio/BagGugu4Android/AndroidManifest.xml:46:9-58:20
	android:screenOrientation
		ADDED from androidstudio/BagGugu4Android/AndroidManifest.xml:50:13-49
	android:label
		ADDED from androidstudio/BagGugu4Android/AndroidManifest.xml:49:13-45
	android:windowSoftInputMode
		ADDED from androidstudio/BagGugu4Android/AndroidManifest.xml:52:13-64
	android:configChanges
		ADDED from androidstudio/BagGugu4Android/AndroidManifest.xml:48:13-63
	android:theme
		ADDED from androidstudio/BagGugu4Android/AndroidManifest.xml:51:13-47
	android:name
		ADDED from androidstudio/BagGugu4Android/AndroidManifest.xml:47:13-60
intent-filter#android.intent.action.MAIN+android.intent.category.LAUNCHER
ADDED from androidstudio/BagGugu4Android/AndroidManifest.xml:53:13-57:29
action#android.intent.action.MAIN
ADDED from androidstudio/BagGugu4Android/AndroidManifest.xml:54:17-69
	android:name
		ADDED from androidstudio/BagGugu4Android/AndroidManifest.xml:54:25-66
category#android.intent.category.LAUNCHER
ADDED from androidstudio/BagGugu4Android/AndroidManifest.xml:56:17-77
	android:name
		ADDED from androidstudio/BagGugu4Android/AndroidManifest.xml:56:27-74
activity#com.gugu.activity.ProductTourActivity
ADDED from androidstudio/BagGugu4Android/AndroidManifest.xml:60:9-65:76
	android:screenOrientation
		ADDED from androidstudio/BagGugu4Android/AndroidManifest.xml:63:13-49
	android:windowSoftInputMode
		ADDED from androidstudio/BagGugu4Android/AndroidManifest.xml:65:13-64
	android:configChanges
		ADDED from androidstudio/BagGugu4Android/AndroidManifest.xml:62:13-63
	android:theme
		ADDED from androidstudio/BagGugu4Android/AndroidManifest.xml:64:13-69
	android:name
		ADDED from androidstudio/BagGugu4Android/AndroidManifest.xml:61:13-65
activity#com.gugu.activity.RegisterAndLoginActivity
ADDED from androidstudio/BagGugu4Android/AndroidManifest.xml:67:9-78:20
	android:screenOrientation
		ADDED from androidstudio/BagGugu4Android/AndroidManifest.xml:71:13-49
	android:label
		ADDED from androidstudio/BagGugu4Android/AndroidManifest.xml:70:13-45
	android:windowSoftInputMode
		ADDED from androidstudio/BagGugu4Android/AndroidManifest.xml:72:13-64
	android:configChanges
		ADDED from androidstudio/BagGugu4Android/AndroidManifest.xml:69:13-63
	android:name
		ADDED from androidstudio/BagGugu4Android/AndroidManifest.xml:68:13-70
intent-filter#android.intent.action.RegisterAndLoginActivity+android.intent.category.DEFAULT
ADDED from androidstudio/BagGugu4Android/AndroidManifest.xml:73:13-77:29
action#android.intent.action.RegisterAndLoginActivity
ADDED from androidstudio/BagGugu4Android/AndroidManifest.xml:74:17-89
	android:name
		ADDED from androidstudio/BagGugu4Android/AndroidManifest.xml:74:25-86
category#android.intent.category.DEFAULT
ADDED from androidstudio/BagGugu4Android/AndroidManifest.xml:76:17-76
	android:name
		ADDED from androidstudio/BagGugu4Android/AndroidManifest.xml:76:27-73
activity#com.gugu.activity.LoginActivity
ADDED from androidstudio/BagGugu4Android/AndroidManifest.xml:80:9-92:20
	android:screenOrientation
		ADDED from androidstudio/BagGugu4Android/AndroidManifest.xml:85:13-49
	android:label
		ADDED from androidstudio/BagGugu4Android/AndroidManifest.xml:83:13-45
	android:launchMode
		ADDED from androidstudio/BagGugu4Android/AndroidManifest.xml:84:13-48
	android:windowSoftInputMode
		ADDED from androidstudio/BagGugu4Android/AndroidManifest.xml:86:13-64
	android:configChanges
		ADDED from androidstudio/BagGugu4Android/AndroidManifest.xml:82:13-63
	android:name
		ADDED from androidstudio/BagGugu4Android/AndroidManifest.xml:81:13-59
intent-filter#android.intent.action.LoginActivity+android.intent.category.DEFAULT
ADDED from androidstudio/BagGugu4Android/AndroidManifest.xml:87:13-91:29
action#android.intent.action.LoginActivity
ADDED from androidstudio/BagGugu4Android/AndroidManifest.xml:88:17-78
	android:name
		ADDED from androidstudio/BagGugu4Android/AndroidManifest.xml:88:25-75
activity#com.gugu.activity.ForgetPwdActivity
ADDED from androidstudio/BagGugu4Android/AndroidManifest.xml:93:9-104:20
	android:screenOrientation
		ADDED from androidstudio/BagGugu4Android/AndroidManifest.xml:97:13-49
	android:label
		ADDED from androidstudio/BagGugu4Android/AndroidManifest.xml:96:13-45
	android:windowSoftInputMode
		ADDED from androidstudio/BagGugu4Android/AndroidManifest.xml:98:13-64
	android:configChanges
		ADDED from androidstudio/BagGugu4Android/AndroidManifest.xml:95:13-63
	android:name
		ADDED from androidstudio/BagGugu4Android/AndroidManifest.xml:94:13-63
intent-filter#android.intent.action.ForgetPwdActivity+android.intent.category.DEFAULT
ADDED from androidstudio/BagGugu4Android/AndroidManifest.xml:99:13-103:29
action#android.intent.action.ForgetPwdActivity
ADDED from androidstudio/BagGugu4Android/AndroidManifest.xml:100:17-82
	android:name
		ADDED from androidstudio/BagGugu4Android/AndroidManifest.xml:100:25-79
activity#com.gugu.activity.RegisterActivity
ADDED from androidstudio/BagGugu4Android/AndroidManifest.xml:105:9-116:20
	android:screenOrientation
		ADDED from androidstudio/BagGugu4Android/AndroidManifest.xml:109:13-49
	android:label
		ADDED from androidstudio/BagGugu4Android/AndroidManifest.xml:108:13-45
	android:windowSoftInputMode
		ADDED from androidstudio/BagGugu4Android/AndroidManifest.xml:110:13-64
	android:configChanges
		ADDED from androidstudio/BagGugu4Android/AndroidManifest.xml:107:13-63
	android:name
		ADDED from androidstudio/BagGugu4Android/AndroidManifest.xml:106:13-62
intent-filter#android.intent.action.RegisterActivity+android.intent.category.DEFAULT
ADDED from androidstudio/BagGugu4Android/AndroidManifest.xml:111:13-115:29
action#android.intent.action.RegisterActivity
ADDED from androidstudio/BagGugu4Android/AndroidManifest.xml:112:17-81
	android:name
		ADDED from androidstudio/BagGugu4Android/AndroidManifest.xml:112:25-78
activity#com.gugu.activity.ShowWebViewActivity
ADDED from androidstudio/BagGugu4Android/AndroidManifest.xml:117:9-128:20
	android:screenOrientation
		ADDED from androidstudio/BagGugu4Android/AndroidManifest.xml:121:13-49
	android:label
		ADDED from androidstudio/BagGugu4Android/AndroidManifest.xml:120:13-45
	android:windowSoftInputMode
		ADDED from androidstudio/BagGugu4Android/AndroidManifest.xml:122:13-64
	android:configChanges
		ADDED from androidstudio/BagGugu4Android/AndroidManifest.xml:119:13-63
	android:name
		ADDED from androidstudio/BagGugu4Android/AndroidManifest.xml:118:13-65
intent-filter#android.intent.action.ShowWebViewActivity+android.intent.category.DEFAULT
ADDED from androidstudio/BagGugu4Android/AndroidManifest.xml:123:13-127:29
action#android.intent.action.ShowWebViewActivity
ADDED from androidstudio/BagGugu4Android/AndroidManifest.xml:124:17-84
	android:name
		ADDED from androidstudio/BagGugu4Android/AndroidManifest.xml:124:25-81
activity#com.gugu.activity.ShowShareWebViewActivity
ADDED from androidstudio/BagGugu4Android/AndroidManifest.xml:129:9-140:20
	android:screenOrientation
		ADDED from androidstudio/BagGugu4Android/AndroidManifest.xml:133:13-49
	android:label
		ADDED from androidstudio/BagGugu4Android/AndroidManifest.xml:132:13-45
	android:windowSoftInputMode
		ADDED from androidstudio/BagGugu4Android/AndroidManifest.xml:134:13-64
	android:configChanges
		ADDED from androidstudio/BagGugu4Android/AndroidManifest.xml:131:13-63
	android:name
		ADDED from androidstudio/BagGugu4Android/AndroidManifest.xml:130:13-70
intent-filter#android.intent.action.ShowShareWebViewActivity+android.intent.category.DEFAULT
ADDED from androidstudio/BagGugu4Android/AndroidManifest.xml:135:13-139:29
action#android.intent.action.ShowShareWebViewActivity
ADDED from androidstudio/BagGugu4Android/AndroidManifest.xml:136:17-89
	android:name
		ADDED from androidstudio/BagGugu4Android/AndroidManifest.xml:136:25-86
activity#com.gugu.activity.MainActivity
ADDED from androidstudio/BagGugu4Android/AndroidManifest.xml:141:9-154:20
	android:clearTaskOnLaunch
		ADDED from androidstudio/BagGugu4Android/AndroidManifest.xml:143:13-45
	android:screenOrientation
		ADDED from androidstudio/BagGugu4Android/AndroidManifest.xml:147:13-49
	android:label
		ADDED from androidstudio/BagGugu4Android/AndroidManifest.xml:145:13-45
	android:launchMode
		ADDED from androidstudio/BagGugu4Android/AndroidManifest.xml:146:13-44
	android:windowSoftInputMode
		ADDED from androidstudio/BagGugu4Android/AndroidManifest.xml:148:13-64
	android:configChanges
		ADDED from androidstudio/BagGugu4Android/AndroidManifest.xml:144:13-63
	android:name
		ADDED from androidstudio/BagGugu4Android/AndroidManifest.xml:142:13-58
intent-filter#android.intent.category.DEFAULT+com.gugu.activity.MainActivity
ADDED from androidstudio/BagGugu4Android/AndroidManifest.xml:149:13-153:29
action#com.gugu.activity.MainActivity
ADDED from androidstudio/BagGugu4Android/AndroidManifest.xml:150:17-73
	android:name
		ADDED from androidstudio/BagGugu4Android/AndroidManifest.xml:150:25-70
activity#com.gugu.activity.HomeActivity
ADDED from androidstudio/BagGugu4Android/AndroidManifest.xml:155:9-166:20
	android:screenOrientation
		ADDED from androidstudio/BagGugu4Android/AndroidManifest.xml:159:13-49
	android:label
		ADDED from androidstudio/BagGugu4Android/AndroidManifest.xml:158:13-45
	android:windowSoftInputMode
		ADDED from androidstudio/BagGugu4Android/AndroidManifest.xml:160:13-64
	android:configChanges
		ADDED from androidstudio/BagGugu4Android/AndroidManifest.xml:157:13-63
	android:name
		ADDED from androidstudio/BagGugu4Android/AndroidManifest.xml:156:13-58
intent-filter#android.intent.category.DEFAULT+com.gugu.activity.HomeActivity
ADDED from androidstudio/BagGugu4Android/AndroidManifest.xml:161:13-165:29
action#com.gugu.activity.HomeActivity
ADDED from androidstudio/BagGugu4Android/AndroidManifest.xml:162:17-73
	android:name
		ADDED from androidstudio/BagGugu4Android/AndroidManifest.xml:162:25-70
activity#com.gugu.activity.InvestmentActivity
ADDED from androidstudio/BagGugu4Android/AndroidManifest.xml:167:9-178:20
	android:screenOrientation
		ADDED from androidstudio/BagGugu4Android/AndroidManifest.xml:171:13-49
	android:label
		ADDED from androidstudio/BagGugu4Android/AndroidManifest.xml:170:13-45
	android:windowSoftInputMode
		ADDED from androidstudio/BagGugu4Android/AndroidManifest.xml:172:13-64
	android:configChanges
		ADDED from androidstudio/BagGugu4Android/AndroidManifest.xml:169:13-63
	android:name
		ADDED from androidstudio/BagGugu4Android/AndroidManifest.xml:168:13-64
intent-filter#android.intent.category.DEFAULT+com.gugu.activity.InvestmentActivity
ADDED from androidstudio/BagGugu4Android/AndroidManifest.xml:173:13-177:29
action#com.gugu.activity.InvestmentActivity
ADDED from androidstudio/BagGugu4Android/AndroidManifest.xml:174:17-79
	android:name
		ADDED from androidstudio/BagGugu4Android/AndroidManifest.xml:174:25-76
activity#com.gugu.activity.EarningsActivity
ADDED from androidstudio/BagGugu4Android/AndroidManifest.xml:179:9-190:20
	android:screenOrientation
		ADDED from androidstudio/BagGugu4Android/AndroidManifest.xml:183:13-49
	android:label
		ADDED from androidstudio/BagGugu4Android/AndroidManifest.xml:182:13-45
	android:windowSoftInputMode
		ADDED from androidstudio/BagGugu4Android/AndroidManifest.xml:184:13-64
	android:configChanges
		ADDED from androidstudio/BagGugu4Android/AndroidManifest.xml:181:13-63
	android:name
		ADDED from androidstudio/BagGugu4Android/AndroidManifest.xml:180:13-62
intent-filter#android.intent.category.DEFAULT+com.gugu.activity.EarningsActivity
ADDED from androidstudio/BagGugu4Android/AndroidManifest.xml:185:13-189:29
action#com.gugu.activity.EarningsActivity
ADDED from androidstudio/BagGugu4Android/AndroidManifest.xml:186:17-77
	android:name
		ADDED from androidstudio/BagGugu4Android/AndroidManifest.xml:186:25-74
activity#com.gugu.activity.BagActivity
ADDED from androidstudio/BagGugu4Android/AndroidManifest.xml:191:9-202:20
	android:screenOrientation
		ADDED from androidstudio/BagGugu4Android/AndroidManifest.xml:195:13-49
	android:label
		ADDED from androidstudio/BagGugu4Android/AndroidManifest.xml:194:13-45
	android:windowSoftInputMode
		ADDED from androidstudio/BagGugu4Android/AndroidManifest.xml:196:13-64
	android:configChanges
		ADDED from androidstudio/BagGugu4Android/AndroidManifest.xml:193:13-63
	android:name
		ADDED from androidstudio/BagGugu4Android/AndroidManifest.xml:192:13-57
intent-filter#android.intent.category.DEFAULT+com.gugu.activity.BagActivity
ADDED from androidstudio/BagGugu4Android/AndroidManifest.xml:197:13-201:29
action#com.gugu.activity.BagActivity
ADDED from androidstudio/BagGugu4Android/AndroidManifest.xml:198:17-72
	android:name
		ADDED from androidstudio/BagGugu4Android/AndroidManifest.xml:198:25-69
activity#com.gugu.activity.CurrentActivity
ADDED from androidstudio/BagGugu4Android/AndroidManifest.xml:203:9-214:20
	android:screenOrientation
		ADDED from androidstudio/BagGugu4Android/AndroidManifest.xml:207:13-49
	android:label
		ADDED from androidstudio/BagGugu4Android/AndroidManifest.xml:206:13-45
	android:windowSoftInputMode
		ADDED from androidstudio/BagGugu4Android/AndroidManifest.xml:208:13-64
	android:configChanges
		ADDED from androidstudio/BagGugu4Android/AndroidManifest.xml:205:13-63
	android:name
		ADDED from androidstudio/BagGugu4Android/AndroidManifest.xml:204:13-61
intent-filter#android.intent.category.DEFAULT+com.gugu.activity.CurrentActivity
ADDED from androidstudio/BagGugu4Android/AndroidManifest.xml:209:13-213:29
action#com.gugu.activity.CurrentActivity
ADDED from androidstudio/BagGugu4Android/AndroidManifest.xml:210:17-76
	android:name
		ADDED from androidstudio/BagGugu4Android/AndroidManifest.xml:210:25-73
activity#com.gugu.activity.CurrentActivityEx
ADDED from androidstudio/BagGugu4Android/AndroidManifest.xml:215:9-226:20
	android:screenOrientation
		ADDED from androidstudio/BagGugu4Android/AndroidManifest.xml:219:13-49
	android:label
		ADDED from androidstudio/BagGugu4Android/AndroidManifest.xml:218:13-45
	android:windowSoftInputMode
		ADDED from androidstudio/BagGugu4Android/AndroidManifest.xml:220:13-64
	android:configChanges
		ADDED from androidstudio/BagGugu4Android/AndroidManifest.xml:217:13-63
	android:name
		ADDED from androidstudio/BagGugu4Android/AndroidManifest.xml:216:13-63
intent-filter#android.intent.category.DEFAULT+com.gugu.activity.CurrentActivityEx
ADDED from androidstudio/BagGugu4Android/AndroidManifest.xml:221:13-225:29
action#com.gugu.activity.CurrentActivityEx
ADDED from androidstudio/BagGugu4Android/AndroidManifest.xml:222:17-78
	android:name
		ADDED from androidstudio/BagGugu4Android/AndroidManifest.xml:222:25-75
activity#com.gugu.activity.CurrentTransferInActivity
ADDED from androidstudio/BagGugu4Android/AndroidManifest.xml:227:9-238:20
	android:screenOrientation
		ADDED from androidstudio/BagGugu4Android/AndroidManifest.xml:231:13-49
	android:label
		ADDED from androidstudio/BagGugu4Android/AndroidManifest.xml:230:13-45
	android:windowSoftInputMode
		ADDED from androidstudio/BagGugu4Android/AndroidManifest.xml:232:13-64
	android:configChanges
		ADDED from androidstudio/BagGugu4Android/AndroidManifest.xml:229:13-63
	android:name
		ADDED from androidstudio/BagGugu4Android/AndroidManifest.xml:228:13-71
intent-filter#android.intent.category.DEFAULT+com.gugu.activity.CurrentTransferInActivity
ADDED from androidstudio/BagGugu4Android/AndroidManifest.xml:233:13-237:29
action#com.gugu.activity.CurrentTransferInActivity
ADDED from androidstudio/BagGugu4Android/AndroidManifest.xml:234:17-86
	android:name
		ADDED from androidstudio/BagGugu4Android/AndroidManifest.xml:234:25-83
activity#com.gugu.activity.CurrentTransferOutActivity
ADDED from androidstudio/BagGugu4Android/AndroidManifest.xml:239:9-250:20
	android:screenOrientation
		ADDED from androidstudio/BagGugu4Android/AndroidManifest.xml:243:13-49
	android:label
		ADDED from androidstudio/BagGugu4Android/AndroidManifest.xml:242:13-45
	android:windowSoftInputMode
		ADDED from androidstudio/BagGugu4Android/AndroidManifest.xml:244:13-64
	android:configChanges
		ADDED from androidstudio/BagGugu4Android/AndroidManifest.xml:241:13-63
	android:name
		ADDED from androidstudio/BagGugu4Android/AndroidManifest.xml:240:13-72
intent-filter#android.intent.category.DEFAULT+com.gugu.activity.CurrentTransferOutActivity
ADDED from androidstudio/BagGugu4Android/AndroidManifest.xml:245:13-249:29
action#com.gugu.activity.CurrentTransferOutActivity
ADDED from androidstudio/BagGugu4Android/AndroidManifest.xml:246:17-87
	android:name
		ADDED from androidstudio/BagGugu4Android/AndroidManifest.xml:246:25-84
activity#com.gugu.activity.CurrentInvestmentSourceActivity
ADDED from androidstudio/BagGugu4Android/AndroidManifest.xml:251:9-262:20
	android:screenOrientation
		ADDED from androidstudio/BagGugu4Android/AndroidManifest.xml:255:13-49
	android:label
		ADDED from androidstudio/BagGugu4Android/AndroidManifest.xml:254:13-45
	android:windowSoftInputMode
		ADDED from androidstudio/BagGugu4Android/AndroidManifest.xml:256:13-64
	android:configChanges
		ADDED from androidstudio/BagGugu4Android/AndroidManifest.xml:253:13-63
	android:name
		ADDED from androidstudio/BagGugu4Android/AndroidManifest.xml:252:13-77
intent-filter#android.intent.category.DEFAULT+com.gugu.activity.CurrentInvestmentSourceActivity
ADDED from androidstudio/BagGugu4Android/AndroidManifest.xml:257:13-261:29
action#com.gugu.activity.CurrentInvestmentSourceActivity
ADDED from androidstudio/BagGugu4Android/AndroidManifest.xml:258:17-92
	android:name
		ADDED from androidstudio/BagGugu4Android/AndroidManifest.xml:258:25-89
activity#com.gugu.activity.PersonalCenterActivity
ADDED from androidstudio/BagGugu4Android/AndroidManifest.xml:263:9-274:20
	android:screenOrientation
		ADDED from androidstudio/BagGugu4Android/AndroidManifest.xml:267:13-49
	android:label
		ADDED from androidstudio/BagGugu4Android/AndroidManifest.xml:266:13-45
	android:windowSoftInputMode
		ADDED from androidstudio/BagGugu4Android/AndroidManifest.xml:268:13-64
	android:configChanges
		ADDED from androidstudio/BagGugu4Android/AndroidManifest.xml:265:13-63
	android:name
		ADDED from androidstudio/BagGugu4Android/AndroidManifest.xml:264:13-68
intent-filter#android.intent.category.DEFAULT+com.gugu.activity.PersonalCenterActivity
ADDED from androidstudio/BagGugu4Android/AndroidManifest.xml:269:13-273:29
action#com.gugu.activity.PersonalCenterActivity
ADDED from androidstudio/BagGugu4Android/AndroidManifest.xml:270:17-83
	android:name
		ADDED from androidstudio/BagGugu4Android/AndroidManifest.xml:270:25-80
activity#com.gugu.activity.InvestmentStatisticsActivity
ADDED from androidstudio/BagGugu4Android/AndroidManifest.xml:275:9-286:20
	android:screenOrientation
		ADDED from androidstudio/BagGugu4Android/AndroidManifest.xml:279:13-49
	android:label
		ADDED from androidstudio/BagGugu4Android/AndroidManifest.xml:278:13-45
	android:windowSoftInputMode
		ADDED from androidstudio/BagGugu4Android/AndroidManifest.xml:280:13-64
	android:configChanges
		ADDED from androidstudio/BagGugu4Android/AndroidManifest.xml:277:13-63
	android:name
		ADDED from androidstudio/BagGugu4Android/AndroidManifest.xml:276:13-74
intent-filter#android.intent.category.DEFAULT+com.gugu.activity.InvestmentStatisticsActivity
ADDED from androidstudio/BagGugu4Android/AndroidManifest.xml:281:13-285:29
action#com.gugu.activity.InvestmentStatisticsActivity
ADDED from androidstudio/BagGugu4Android/AndroidManifest.xml:282:17-89
	android:name
		ADDED from androidstudio/BagGugu4Android/AndroidManifest.xml:282:25-86
activity#com.gugu.activity.TotalAssetsActivity
ADDED from androidstudio/BagGugu4Android/AndroidManifest.xml:287:9-298:20
	android:screenOrientation
		ADDED from androidstudio/BagGugu4Android/AndroidManifest.xml:291:13-49
	android:label
		ADDED from androidstudio/BagGugu4Android/AndroidManifest.xml:290:13-45
	android:windowSoftInputMode
		ADDED from androidstudio/BagGugu4Android/AndroidManifest.xml:292:13-64
	android:configChanges
		ADDED from androidstudio/BagGugu4Android/AndroidManifest.xml:289:13-63
	android:name
		ADDED from androidstudio/BagGugu4Android/AndroidManifest.xml:288:13-65
intent-filter#android.intent.category.DEFAULT+com.gugu.activity.TotalAssetsActivity
ADDED from androidstudio/BagGugu4Android/AndroidManifest.xml:293:13-297:29
action#com.gugu.activity.TotalAssetsActivity
ADDED from androidstudio/BagGugu4Android/AndroidManifest.xml:294:17-80
	android:name
		ADDED from androidstudio/BagGugu4Android/AndroidManifest.xml:294:25-77
activity#com.gugu.activity.VoteOfScheduledActivity
ADDED from androidstudio/BagGugu4Android/AndroidManifest.xml:299:9-310:20
	android:screenOrientation
		ADDED from androidstudio/BagGugu4Android/AndroidManifest.xml:303:13-49
	android:label
		ADDED from androidstudio/BagGugu4Android/AndroidManifest.xml:302:13-45
	android:windowSoftInputMode
		ADDED from androidstudio/BagGugu4Android/AndroidManifest.xml:304:13-64
	android:configChanges
		ADDED from androidstudio/BagGugu4Android/AndroidManifest.xml:301:13-63
	android:name
		ADDED from androidstudio/BagGugu4Android/AndroidManifest.xml:300:13-69
intent-filter#android.intent.category.DEFAULT+com.gugu.activity.VoteOfScheduledActivity
ADDED from androidstudio/BagGugu4Android/AndroidManifest.xml:305:13-309:29
action#com.gugu.activity.VoteOfScheduledActivity
ADDED from androidstudio/BagGugu4Android/AndroidManifest.xml:306:17-84
	android:name
		ADDED from androidstudio/BagGugu4Android/AndroidManifest.xml:306:25-81
activity#com.gugu.activity.VoteOfTransferActivity
ADDED from androidstudio/BagGugu4Android/AndroidManifest.xml:311:9-322:20
	android:screenOrientation
		ADDED from androidstudio/BagGugu4Android/AndroidManifest.xml:315:13-49
	android:label
		ADDED from androidstudio/BagGugu4Android/AndroidManifest.xml:314:13-45
	android:windowSoftInputMode
		ADDED from androidstudio/BagGugu4Android/AndroidManifest.xml:316:13-64
	android:configChanges
		ADDED from androidstudio/BagGugu4Android/AndroidManifest.xml:313:13-63
	android:name
		ADDED from androidstudio/BagGugu4Android/AndroidManifest.xml:312:13-68
intent-filter#android.intent.category.DEFAULT+com.gugu.activity.VoteOfTransferActivity
ADDED from androidstudio/BagGugu4Android/AndroidManifest.xml:317:13-321:29
action#com.gugu.activity.VoteOfTransferActivity
ADDED from androidstudio/BagGugu4Android/AndroidManifest.xml:318:17-83
	android:name
		ADDED from androidstudio/BagGugu4Android/AndroidManifest.xml:318:25-80
activity#com.gugu.activity.VoteOfRushActivity
ADDED from androidstudio/BagGugu4Android/AndroidManifest.xml:323:9-334:20
	android:screenOrientation
		ADDED from androidstudio/BagGugu4Android/AndroidManifest.xml:327:13-49
	android:label
		ADDED from androidstudio/BagGugu4Android/AndroidManifest.xml:326:13-45
	android:windowSoftInputMode
		ADDED from androidstudio/BagGugu4Android/AndroidManifest.xml:328:13-64
	android:configChanges
		ADDED from androidstudio/BagGugu4Android/AndroidManifest.xml:325:13-63
	android:name